<?xml version="1.0" encoding="UTF-8"?>
<!-- Generated by org.testng.reporters.JUnitReportReporter -->
<testsuite hostname="LAPTOP-7JTEU531" failures="0" tests="1" name="com.hrms.testsripts.TC001" time="8.552" errors="0" timestamp="2023-07-15T12:00:23 IST" skipped="0">
  <testcase classname="com.hrms.testsripts.TC001" name="tc001" time="8.552"/>
  <system-out>
    <![CDATA[openapplication
title not matched
OrangeHRM - New Level of HR Management
login page complted
title matched
logout page complted
close aplication]]>
  </system-out>
</testsuite> <!-- com.hrms.testsripts.TC001 -->
